[2025-06-27T01:56:25.764+0000] {taskinstance.py:1149} INFO - Dependencies not met for <TaskInstance: week1_summary.summarize_day1 manual__2025-06-27T01:53:59.085359+00:00 [skipped]>, dependency 'Task Instance State' FAILED: Task is in the 'skipped' state.
[2025-06-27T01:56:25.765+0000] {local_task_job_runner.py:154} INFO - Task is not able to be run
[2025-06-27T01:56:48.674+0000] {taskinstance.py:1159} INFO - Dependencies all met for dep_context=non-requeueable deps ti=<TaskInstance: week1_summary.summarize_day1 manual__2025-06-27T01:53:59.085359+00:00 [queued]>
[2025-06-27T01:56:48.677+0000] {taskinstance.py:1159} INFO - Dependencies all met for dep_context=requeueable deps ti=<TaskInstance: week1_summary.summarize_day1 manual__2025-06-27T01:53:59.085359+00:00 [queued]>
[2025-06-27T01:56:48.677+0000] {taskinstance.py:1361} INFO - Starting attempt 1 of 1
[2025-06-27T01:56:48.683+0000] {taskinstance.py:1382} INFO - Executing <Task(PythonOperator): summarize_day1> on 2025-06-27 01:53:59.085359+00:00
[2025-06-27T01:56:48.685+0000] {standard_task_runner.py:57} INFO - Started process 55 to run task
[2025-06-27T01:56:48.688+0000] {standard_task_runner.py:84} INFO - Running: ['airflow', 'tasks', 'run', 'week1_summary', 'summarize_day1', 'manual__2025-06-27T01:53:59.085359+00:00', '--job-id', '36', '--raw', '--subdir', 'DAGS_FOLDER/week1_summary.py', '--cfg-path', '/tmp/tmppyfm5qsh']
[2025-06-27T01:56:48.688+0000] {standard_task_runner.py:85} INFO - Job 36: Subtask summarize_day1
[2025-06-27T01:56:48.719+0000] {task_command.py:416} INFO - Running <TaskInstance: week1_summary.summarize_day1 manual__2025-06-27T01:53:59.085359+00:00 [running]> on host 41766c261c22
[2025-06-27T01:56:48.760+0000] {taskinstance.py:1662} INFO - Exporting env vars: AIRFLOW_CTX_DAG_OWNER='airflow' AIRFLOW_CTX_DAG_ID='week1_summary' AIRFLOW_CTX_TASK_ID='summarize_day1' AIRFLOW_CTX_EXECUTION_DATE='2025-06-27T01:53:59.085359+00:00' AIRFLOW_CTX_TRY_NUMBER='1' AIRFLOW_CTX_DAG_RUN_ID='manual__2025-06-27T01:53:59.085359+00:00'
[2025-06-27T01:56:48.761+0000] {logging_mixin.py:154} INFO - Day 1 (6/23) - 개발 환경 세팅 & FastAPI 맛보기
[2025-06-27T01:56:48.761+0000] {logging_mixin.py:154} INFO - - VS Code, Docker 등 개발 환경 구축
[2025-06-27T01:56:48.762+0000] {logging_mixin.py:154} INFO - - Git 워크플로우 실습 (clone → branch → PR)
[2025-06-27T01:56:48.762+0000] {logging_mixin.py:154} INFO - - FastAPI 기초: /ping, /echo API 구현
[2025-06-27T01:56:48.762+0000] {logging_mixin.py:154} INFO - - 결과: 개인 브랜치 PR 요청 및 팀 리뷰
[2025-06-27T01:56:48.762+0000] {python.py:194} INFO - Done. Returned value was: None
[2025-06-27T01:56:48.770+0000] {taskinstance.py:1400} INFO - Marking task as SUCCESS. dag_id=week1_summary, task_id=summarize_day1, execution_date=20250627T015359, start_date=20250627T015648, end_date=20250627T015648
[2025-06-27T01:56:48.786+0000] {local_task_job_runner.py:228} INFO - Task exited with return code 0
[2025-06-27T01:56:48.802+0000] {taskinstance.py:2778} INFO - 1 downstream tasks scheduled from follow-on schedule check
